<?xml version="1.0" encoding="UTF-8"?>
<!-- Generated by org.testng.reporters.JUnitReportReporter -->
<testsuite hostname="NileshPC" failures="0" tests="1" name="VisibilityValidation.Refreshmentcheck15SecondBox1" time="35.610" errors="0" timestamp="2022-12-18T22:20:35 IST" skipped="0">
  <testcase classname="VisibilityValidation.Refreshmentcheck15SecondBox1" name="refreshmentcheck15SecondBox1" time="35.610"/>
  <system-out/>
</testsuite> <!-- VisibilityValidation.Refreshmentcheck15SecondBox1 -->
