<?xml version="1.0" encoding="UTF-8"?>
<!-- Generated by org.testng.reporters.JUnitReportReporter -->
<testsuite hostname="NileshPC" failures="0" tests="1" name="PageScrollValidation.Box2AtTheEndofNavigationBar" time="4.937" errors="0" timestamp="2022-12-18T22:12:46 IST" skipped="0">
  <testcase classname="PageScrollValidation.Box2AtTheEndofNavigationBar" name="testBox2AtEndOfNavigationBar" time="4.937"/>
  <system-out/>
</testsuite> <!-- PageScrollValidation.Box2AtTheEndofNavigationBar -->
